* using log directory ‘/cloud/project/mcgreal.pkg/mcgreal.pkg.Rcheck’
* using R version 4.3.1 (2023-06-16)
* using platform: x86_64-pc-linux-gnu (64-bit)
* R was compiled by
    gcc (Ubuntu 9.4.0-1ubuntu1~20.04.2) 9.4.0
    GNU Fortran (Ubuntu 9.4.0-1ubuntu1~20.04.2) 9.4.0
* running under: Ubuntu 20.04.6 LTS
* using session charset: UTF-8
* checking for file ‘mcgreal.pkg/DESCRIPTION’ ... OK
* this is package ‘mcgreal.pkg’ version ‘0.1’
* package encoding: UTF-8
* checking package namespace information ... OK
* checking package dependencies ... OK
* checking if this is a source package ... OK
* checking if there is a namespace ... OK
* checking for executable files ... OK
* checking for hidden files and directories ... OK
* checking for portable file names ... OK
* checking for sufficient/correct file permissions ... OK
* checking whether package ‘mcgreal.pkg’ can be installed ... ERROR
Installation failed.
See ‘/cloud/project/mcgreal.pkg/mcgreal.pkg.Rcheck/00install.out’ for details.
* DONE
Status: 1 ERROR
